\BOOKMARK [0][-]{chapter*.4}{Abstract}{}% 1
\BOOKMARK [0][-]{chapter.1}{The SALSA website}{}% 2
\BOOKMARK [1][-]{section.1.1}{Create an account}{chapter.1}% 3
\BOOKMARK [1][-]{section.1.2}{Book observing time}{chapter.1}% 4
\BOOKMARK [1][-]{section.1.3}{Live webcam}{chapter.1}% 5
\BOOKMARK [1][-]{section.1.4}{Online data archive}{chapter.1}% 6
\BOOKMARK [0][-]{chapter.2}{Observing with SALSA}{}% 7
\BOOKMARK [1][-]{section.2.1}{What can we observe with SALSA?}{chapter.2}% 8
\BOOKMARK [2][-]{subsection.2.1.1}{The Milky Way}{section.2.1}% 9
\BOOKMARK [2][-]{subsection.2.1.2}{The Sun}{section.2.1}% 10
\BOOKMARK [1][-]{section.2.2}{Connecting to SALSA}{chapter.2}% 11
\BOOKMARK [2][-]{subsection.2.2.1}{Ending your session}{section.2.2}% 12
\BOOKMARK [2][-]{subsection.2.2.2}{Troubleshooting}{section.2.2}% 13
\BOOKMARK [1][-]{section.2.3}{The telescope control program}{chapter.2}% 14
\BOOKMARK [2][-]{subsection.2.3.1}{Movement control: To point the telescope}{section.2.3}% 15
\BOOKMARK [2][-]{subsection.2.3.2}{Receiver control: To measure a spectrum}{section.2.3}% 16
\BOOKMARK [2][-]{subsection.2.3.3}{Measurement results}{section.2.3}% 17
\BOOKMARK [1][-]{section.2.4}{How to process archived data}{chapter.2}% 18
\BOOKMARK [2][-]{subsection.2.4.1}{PNG: Images}{section.2.4}% 19
\BOOKMARK [2][-]{subsection.2.4.2}{TXT: Textfiles}{section.2.4}% 20
\BOOKMARK [2][-]{subsection.2.4.3}{FITS: A common format for astronomical data}{section.2.4}% 21
\BOOKMARK [0][-]{chapter.3}{Technical specifications}{}% 22
\BOOKMARK [1][-]{section.3.1}{Angular resolution and accuracy}{chapter.3}% 23
\BOOKMARK [1][-]{section.3.2}{Spectral resolution and accuracy}{chapter.3}% 24
\BOOKMARK [0][-]{chapter*.19}{Appendices}{}% 25
\BOOKMARK [0][-]{appendix.A}{How to connect to SALSA using Nomachine 4}{}% 26
\BOOKMARK [1][-]{section.A.1}{Quick summary}{appendix.A}% 27
\BOOKMARK [1][-]{section.A.2}{Connecting: Step-by-step instructions}{appendix.A}% 28
