\BOOKMARK [0][-]{chapter*.4}{Abstract}{}% 1
\BOOKMARK [0][-]{chapter.1}{Welcome to the Galaxy}{}% 2
\BOOKMARK [1][-]{section.1.1}{Where are we in the Milky Way?}{chapter.1}% 3
\BOOKMARK [2][-]{subsection.1.1.1}{Galactic longitude and latitude}{section.1.1}% 4
\BOOKMARK [2][-]{subsection.1.1.2}{Notations}{section.1.1}% 5
\BOOKMARK [1][-]{section.1.2}{Looking for hydrogen}{chapter.1}% 6
\BOOKMARK [1][-]{section.1.3}{The Doppler effect}{chapter.1}% 7
\BOOKMARK [0][-]{chapter.2}{The theory behind the Milky Way}{}% 8
\BOOKMARK [1][-]{section.2.1}{Preliminary calculations}{chapter.2}% 9
\BOOKMARK [1][-]{section.2.2}{How does the gas rotate?}{chapter.2}% 10
\BOOKMARK [1][-]{section.2.3}{Where is the gas?}{chapter.2}% 11
\BOOKMARK [1][-]{section.2.4}{Estimating the mass of our Galaxy}{chapter.2}% 12
\BOOKMARK [0][-]{chapter.3}{Analysing your data}{}% 13
\BOOKMARK [1][-]{section.3.1}{Measure velocities}{chapter.3}% 14
\BOOKMARK [2][-]{subsection.3.1.1}{Subtract a baseline to correct for the zero level}{section.3.1}% 15
\BOOKMARK [1][-]{section.3.2}{Make the rotation curve of the Milky Way}{chapter.3}% 16
\BOOKMARK [2][-]{subsection.3.2.1}{Map of the Milky Way}{section.3.2}% 17
\BOOKMARK [0][-]{chapter*.16}{Appendices}{}% 18
\BOOKMARK [0][-]{appendix.A}{Rotation curves}{}% 19
\BOOKMARK [1][-]{section.A.1}{Solid-body rotation}{appendix.A}% 20
\BOOKMARK [1][-]{section.A.2}{Keplerian rotation: the Solar system}{appendix.A}% 21
\BOOKMARK [1][-]{section.A.3}{The rotation curve of a spiral galaxy}{appendix.A}% 22
\BOOKMARK [0][-]{appendix.B}{Early history of 21 cm line observations}{}% 23
\BOOKMARK [0][-]{appendix.C}{The celestial sphere and astronomicalcoordinates}{}% 24
\BOOKMARK [1][-]{section.C.1}{A place on Earth}{appendix.C}% 25
\BOOKMARK [1][-]{section.C.2}{The celestial sphere}{appendix.C}% 26
\BOOKMARK [2][-]{subsection.C.2.1}{Equatorial coordinates}{section.C.2}% 27
\BOOKMARK [2][-]{subsection.C.2.2}{The Local Sidereal Time}{section.C.2}% 28
\BOOKMARK [2][-]{subsection.C.2.3}{How can I know whether my source is up?}{section.C.2}% 29
\BOOKMARK [0][-]{appendix*.22}{Bibliography}{}% 30
