\BOOKMARK [0][-]{chapter*.4}{Abstract}{}% 1
\BOOKMARK [0][-]{chapter.1}{Basic maintenance}{}% 2
\BOOKMARK [1][-]{section.1.1}{Remote power control}{chapter.1}% 3
\BOOKMARK [1][-]{section.1.2}{RIO}{chapter.1}% 4
\BOOKMARK [1][-]{section.1.3}{Usage report}{chapter.1}% 5
\BOOKMARK [0][-]{chapter.2}{System installation}{}% 6
\BOOKMARK [1][-]{section.2.1}{Software}{chapter.2}% 7
\BOOKMARK [2][-]{subsection.2.1.1}{Pre-requisites}{section.2.1}% 8
\BOOKMARK [2][-]{subsection.2.1.2}{Installing Linux Mint 17}{section.2.1}% 9
\BOOKMARK [2][-]{subsection.2.1.3}{Network configuration}{section.2.1}% 10
\BOOKMARK [2][-]{subsection.2.1.4}{Setting up SSH-access}{section.2.1}% 11
\BOOKMARK [2][-]{subsection.2.1.5}{Install webserver and mysql database}{section.2.1}% 12
\BOOKMARK [2][-]{subsection.2.1.6}{Creating MySQL users and tables}{section.2.1}% 13
\BOOKMARK [2][-]{subsection.2.1.7}{Setting up Apache and Drupal}{section.2.1}% 14
\BOOKMARK [2][-]{subsection.2.1.8}{Install and configure Cendio ThinLinc}{section.2.1}% 15
\BOOKMARK [2][-]{subsection.2.1.9}{Setting up the cronjob}{section.2.1}% 16
\BOOKMARK [2][-]{subsection.2.1.10}{Installing the SALSA control software}{section.2.1}% 17
\BOOKMARK [2][-]{subsection.2.1.11}{Backup}{section.2.1}% 18
\BOOKMARK [2][-]{subsection.2.1.12}{Setting up GalilTools for RIO development}{section.2.1}% 19
\BOOKMARK [2][-]{subsection.2.1.13}{Qt-designer for graphical UI development}{section.2.1}% 20
