This is pdfTeX, Version 3.1415926-2.5-1.40.14 (TeX Live 2013/Debian) (format=pdflatex 2017.8.23)  4 APR 2018 18:49
entering extended mode
 restricted \write18 enabled.
 %&-line parsing enabled.
**SALSA-USERMANUAL_Swedish.tex
(./SALSA-USERMANUAL_Swedish.tex
LaTeX2e <2011/06/27>
Babel <3.9h> and hyphenation patterns for 78 languages loaded.
(/usr/share/texlive/texmf-dist/tex/latex/base/report.cls
Document Class: report 2007/10/19 v1.4h Standard LaTeX document class
(/usr/share/texlive/texmf-dist/tex/latex/base/size12.clo
File: size12.clo 2007/10/19 v1.4h Standard LaTeX file (size option)
)
\c@part=\count79
\c@chapter=\count80
\c@section=\count81
\c@subsection=\count82
\c@subsubsection=\count83
\c@paragraph=\count84
\c@subparagraph=\count85
\c@figure=\count86
\c@table=\count87
\abovecaptionskip=\skip41
\belowcaptionskip=\skip42
\bibindent=\dimen102
)
(/usr/share/texlive/texmf-dist/tex/latex/base/fontenc.sty
Package: fontenc 2005/09/27 v1.99g Standard LaTeX package

(/usr/share/texlive/texmf-dist/tex/latex/base/t1enc.def
File: t1enc.def 2005/09/27 v1.99g Standard LaTeX file
LaTeX Font Info:    Redeclaring font encoding T1 on input line 43.
))
(/usr/share/texlive/texmf-dist/tex/generic/babel/babel.sty
Package: babel 2013/12/03 3.9h The Babel package

(/usr/share/texlive/texmf-dist/tex/generic/babel-swedish/swedish.ldf
Language: swedish 2005/03/31 v2.3d Swedish support from the babel system

(/usr/share/texlive/texmf-dist/tex/generic/babel/babel.def
File: babel.def 2013/12/03 3.9h Babel common definitions
\babel@savecnt=\count88
\U@D=\dimen103
)
Package babel Info: Making " an active character on input line 90.
))
(/usr/share/texlive/texmf-dist/tex/latex/base/inputenc.sty
Package: inputenc 2008/03/30 v1.1d Input encoding file
\inpenc@prehook=\toks14
\inpenc@posthook=\toks15

(/usr/share/texlive/texmf-dist/tex/latex/base/utf8.def
File: utf8.def 2008/04/05 v1.1m UTF-8 support for inputenc
Now handling font encoding OML ...
... no UTF-8 mapping file for font encoding OML
Now handling font encoding T1 ...
... processing UTF-8 mapping file for font encoding T1

(/usr/share/texlive/texmf-dist/tex/latex/base/t1enc.dfu
File: t1enc.dfu 2008/04/05 v1.1m UTF-8 support for inputenc
   defining Unicode char U+00A1 (decimal 161)
   defining Unicode char U+00A3 (decimal 163)
   defining Unicode char U+00AB (decimal 171)
   defining Unicode char U+00BB (decimal 187)
   defining Unicode char U+00BF (decimal 191)
   defining Unicode char U+00C0 (decimal 192)
   defining Unicode char U+00C1 (decimal 193)
   defining Unicode char U+00C2 (decimal 194)
   defining Unicode char U+00C3 (decimal 195)
   defining Unicode char U+00C4 (decimal 196)
   defining Unicode char U+00C5 (decimal 197)
   defining Unicode char U+00C6 (decimal 198)
   defining Unicode char U+00C7 (decimal 199)
   defining Unicode char U+00C8 (decimal 200)
   defining Unicode char U+00C9 (decimal 201)
   defining Unicode char U+00CA (decimal 202)
   defining Unicode char U+00CB (decimal 203)
   defining Unicode char U+00CC (decimal 204)
   defining Unicode char U+00CD (decimal 205)
   defining Unicode char U+00CE (decimal 206)
   defining Unicode char U+00CF (decimal 207)
   defining Unicode char U+00D0 (decimal 208)
   defining Unicode char U+00D1 (decimal 209)
   defining Unicode char U+00D2 (decimal 210)
   defining Unicode char U+00D3 (decimal 211)
   defining Unicode char U+00D4 (decimal 212)
   defining Unicode char U+00D5 (decimal 213)
   defining Unicode char U+00D6 (decimal 214)
   defining Unicode char U+00D8 (decimal 216)
   defining Unicode char U+00D9 (decimal 217)
   defining Unicode char U+00DA (decimal 218)
   defining Unicode char U+00DB (decimal 219)
   defining Unicode char U+00DC (decimal 220)
   defining Unicode char U+00DD (decimal 221)
   defining Unicode char U+00DE (decimal 222)
   defining Unicode char U+00DF (decimal 223)
   defining Unicode char U+00E0 (decimal 224)
   defining Unicode char U+00E1 (decimal 225)
   defining Unicode char U+00E2 (decimal 226)
   defining Unicode char U+00E3 (decimal 227)
   defining Unicode char U+00E4 (decimal 228)
   defining Unicode char U+00E5 (decimal 229)
   defining Unicode char U+00E6 (decimal 230)
   defining Unicode char U+00E7 (decimal 231)
   defining Unicode char U+00E8 (decimal 232)
   defining Unicode char U+00E9 (decimal 233)
   defining Unicode char U+00EA (decimal 234)
   defining Unicode char U+00EB (decimal 235)
   defining Unicode char U+00EC (decimal 236)
   defining Unicode char U+00ED (decimal 237)
   defining Unicode char U+00EE (decimal 238)
   defining Unicode char U+00EF (decimal 239)
   defining Unicode char U+00F0 (decimal 240)
   defining Unicode char U+00F1 (decimal 241)
   defining Unicode char U+00F2 (decimal 242)
   defining Unicode char U+00F3 (decimal 243)
   defining Unicode char U+00F4 (decimal 244)
   defining Unicode char U+00F5 (decimal 245)
   defining Unicode char U+00F6 (decimal 246)
   defining Unicode char U+00F8 (decimal 248)
   defining Unicode char U+00F9 (decimal 249)
   defining Unicode char U+00FA (decimal 250)
   defining Unicode char U+00FB (decimal 251)
   defining Unicode char U+00FC (decimal 252)
   defining Unicode char U+00FD (decimal 253)
   defining Unicode char U+00FE (decimal 254)
   defining Unicode char U+00FF (decimal 255)
   defining Unicode char U+0102 (decimal 258)
   defining Unicode char U+0103 (decimal 259)
   defining Unicode char U+0104 (decimal 260)
   defining Unicode char U+0105 (decimal 261)
   defining Unicode char U+0106 (decimal 262)
   defining Unicode char U+0107 (decimal 263)
   defining Unicode char U+010C (decimal 268)
   defining Unicode char U+010D (decimal 269)
   defining Unicode char U+010E (decimal 270)
   defining Unicode char U+010F (decimal 271)
   defining Unicode char U+0110 (decimal 272)
   defining Unicode char U+0111 (decimal 273)
   defining Unicode char U+0118 (decimal 280)
   defining Unicode char U+0119 (decimal 281)
   defining Unicode char U+011A (decimal 282)
   defining Unicode char U+011B (decimal 283)
   defining Unicode char U+011E (decimal 286)
   defining Unicode char U+011F (decimal 287)
   defining Unicode char U+0130 (decimal 304)
   defining Unicode char U+0131 (decimal 305)
   defining Unicode char U+0132 (decimal 306)
   defining Unicode char U+0133 (decimal 307)
   defining Unicode char U+0139 (decimal 313)
   defining Unicode char U+013A (decimal 314)
   defining Unicode char U+013D (decimal 317)
   defining Unicode char U+013E (decimal 318)
   defining Unicode char U+0141 (decimal 321)
   defining Unicode char U+0142 (decimal 322)
   defining Unicode char U+0143 (decimal 323)
   defining Unicode char U+0144 (decimal 324)
   defining Unicode char U+0147 (decimal 327)
   defining Unicode char U+0148 (decimal 328)
   defining Unicode char U+014A (decimal 330)
   defining Unicode char U+014B (decimal 331)
   defining Unicode char U+0150 (decimal 336)
   defining Unicode char U+0151 (decimal 337)
   defining Unicode char U+0152 (decimal 338)
   defining Unicode char U+0153 (decimal 339)
   defining Unicode char U+0154 (decimal 340)
   defining Unicode char U+0155 (decimal 341)
   defining Unicode char U+0158 (decimal 344)
   defining Unicode char U+0159 (decimal 345)
   defining Unicode char U+015A (decimal 346)
   defining Unicode char U+015B (decimal 347)
   defining Unicode char U+015E (decimal 350)
   defining Unicode char U+015F (decimal 351)
   defining Unicode char U+0160 (decimal 352)
   defining Unicode char U+0161 (decimal 353)
   defining Unicode char U+0162 (decimal 354)
   defining Unicode char U+0163 (decimal 355)
   defining Unicode char U+0164 (decimal 356)
   defining Unicode char U+0165 (decimal 357)
   defining Unicode char U+016E (decimal 366)
   defining Unicode char U+016F (decimal 367)
   defining Unicode char U+0170 (decimal 368)
   defining Unicode char U+0171 (decimal 369)
   defining Unicode char U+0178 (decimal 376)
   defining Unicode char U+0179 (decimal 377)
   defining Unicode char U+017A (decimal 378)
   defining Unicode char U+017B (decimal 379)
   defining Unicode char U+017C (decimal 380)
   defining Unicode char U+017D (decimal 381)
   defining Unicode char U+017E (decimal 382)
   defining Unicode char U+200C (decimal 8204)
   defining Unicode char U+2013 (decimal 8211)
   defining Unicode char U+2014 (decimal 8212)
   defining Unicode char U+2018 (decimal 8216)
   defining Unicode char U+2019 (decimal 8217)
   defining Unicode char U+201A (decimal 8218)
   defining Unicode char U+201C (decimal 8220)
   defining Unicode char U+201D (decimal 8221)
   defining Unicode char U+201E (decimal 8222)
   defining Unicode char U+2030 (decimal 8240)
   defining Unicode char U+2031 (decimal 8241)
   defining Unicode char U+2039 (decimal 8249)
   defining Unicode char U+203A (decimal 8250)
   defining Unicode char U+2423 (decimal 9251)
)
Now handling font encoding OT1 ...
... processing UTF-8 mapping file for font encoding OT1

(/usr/share/texlive/texmf-dist/tex/latex/base/ot1enc.dfu
File: ot1enc.dfu 2008/04/05 v1.1m UTF-8 support for inputenc
   defining Unicode char U+00A1 (decimal 161)
   defining Unicode char U+00A3 (decimal 163)
   defining Unicode char U+00B8 (decimal 184)
   defining Unicode char U+00BF (decimal 191)
   defining Unicode char U+00C5 (decimal 197)
   defining Unicode char U+00C6 (decimal 198)
   defining Unicode char U+00D8 (decimal 216)
   defining Unicode char U+00DF (decimal 223)
   defining Unicode char U+00E6 (decimal 230)
   defining Unicode char U+00EC (decimal 236)
   defining Unicode char U+00ED (decimal 237)
   defining Unicode char U+00EE (decimal 238)
   defining Unicode char U+00EF (decimal 239)
   defining Unicode char U+00F8 (decimal 248)
   defining Unicode char U+0131 (decimal 305)
   defining Unicode char U+0141 (decimal 321)
   defining Unicode char U+0142 (decimal 322)
   defining Unicode char U+0152 (decimal 338)
   defining Unicode char U+0153 (decimal 339)
   defining Unicode char U+2013 (decimal 8211)
   defining Unicode char U+2014 (decimal 8212)
   defining Unicode char U+2018 (decimal 8216)
   defining Unicode char U+2019 (decimal 8217)
   defining Unicode char U+201C (decimal 8220)
   defining Unicode char U+201D (decimal 8221)
)
Now handling font encoding OMS ...
... processing UTF-8 mapping file for font encoding OMS

(/usr/share/texlive/texmf-dist/tex/latex/base/omsenc.dfu
File: omsenc.dfu 2008/04/05 v1.1m UTF-8 support for inputenc
   defining Unicode char U+00A7 (decimal 167)
   defining Unicode char U+00B6 (decimal 182)
   defining Unicode char U+00B7 (decimal 183)
   defining Unicode char U+2020 (decimal 8224)
   defining Unicode char U+2021 (decimal 8225)
   defining Unicode char U+2022 (decimal 8226)
)
Now handling font encoding OMX ...
... no UTF-8 mapping file for font encoding OMX
Now handling font encoding U ...
... no UTF-8 mapping file for font encoding U
   defining Unicode char U+00A9 (decimal 169)
   defining Unicode char U+00AA (decimal 170)
   defining Unicode char U+00AE (decimal 174)
   defining Unicode char U+00BA (decimal 186)
   defining Unicode char U+02C6 (decimal 710)
   defining Unicode char U+02DC (decimal 732)
   defining Unicode char U+200C (decimal 8204)
   defining Unicode char U+2026 (decimal 8230)
   defining Unicode char U+2122 (decimal 8482)
   defining Unicode char U+2423 (decimal 9251)
))
(/usr/share/texmf/tex/latex/lm/lmodern.sty
Package: lmodern 2009/10/30 v1.6 Latin Modern Fonts
LaTeX Font Info:    Overwriting symbol font `operators' in version `normal'
(Font)                  OT1/cmr/m/n --> OT1/lmr/m/n on input line 22.
LaTeX Font Info:    Overwriting symbol font `letters' in version `normal'
(Font)                  OML/cmm/m/it --> OML/lmm/m/it on input line 23.
LaTeX Font Info:    Overwriting symbol font `symbols' in version `normal'
(Font)                  OMS/cmsy/m/n --> OMS/lmsy/m/n on input line 24.
LaTeX Font Info:    Overwriting symbol font `largesymbols' in version `normal'
(Font)                  OMX/cmex/m/n --> OMX/lmex/m/n on input line 25.
LaTeX Font Info:    Overwriting symbol font `operators' in version `bold'
(Font)                  OT1/cmr/bx/n --> OT1/lmr/bx/n on input line 26.
LaTeX Font Info:    Overwriting symbol font `letters' in version `bold'
(Font)                  OML/cmm/b/it --> OML/lmm/b/it on input line 27.
LaTeX Font Info:    Overwriting symbol font `symbols' in version `bold'
(Font)                  OMS/cmsy/b/n --> OMS/lmsy/b/n on input line 28.
LaTeX Font Info:    Overwriting symbol font `largesymbols' in version `bold'
(Font)                  OMX/cmex/m/n --> OMX/lmex/m/n on input line 29.
LaTeX Font Info:    Overwriting math alphabet `\mathbf' in version `normal'
(Font)                  OT1/cmr/bx/n --> OT1/lmr/bx/n on input line 31.
LaTeX Font Info:    Overwriting math alphabet `\mathsf' in version `normal'
(Font)                  OT1/cmss/m/n --> OT1/lmss/m/n on input line 32.
LaTeX Font Info:    Overwriting math alphabet `\mathit' in version `normal'
(Font)                  OT1/cmr/m/it --> OT1/lmr/m/it on input line 33.
LaTeX Font Info:    Overwriting math alphabet `\mathtt' in version `normal'
(Font)                  OT1/cmtt/m/n --> OT1/lmtt/m/n on input line 34.
LaTeX Font Info:    Overwriting math alphabet `\mathbf' in version `bold'
(Font)                  OT1/cmr/bx/n --> OT1/lmr/bx/n on input line 35.
LaTeX Font Info:    Overwriting math alphabet `\mathsf' in version `bold'
(Font)                  OT1/cmss/bx/n --> OT1/lmss/bx/n on input line 36.
LaTeX Font Info:    Overwriting math alphabet `\mathit' in version `bold'
(Font)                  OT1/cmr/bx/it --> OT1/lmr/bx/it on input line 37.
LaTeX Font Info:    Overwriting math alphabet `\mathtt' in version `bold'
(Font)                  OT1/cmtt/m/n --> OT1/lmtt/m/n on input line 38.
)
(/usr/share/texlive/texmf-dist/tex/latex/amsmath/amsmath.sty
Package: amsmath 2013/01/14 v2.14 AMS math features
\@mathmargin=\skip43

For additional information on amsmath, use the `?' option.
(/usr/share/texlive/texmf-dist/tex/latex/amsmath/amstext.sty
Package: amstext 2000/06/29 v2.01

(/usr/share/texlive/texmf-dist/tex/latex/amsmath/amsgen.sty
File: amsgen.sty 1999/11/30 v2.0
\@emptytoks=\toks16
\ex@=\dimen104
))
(/usr/share/texlive/texmf-dist/tex/latex/amsmath/amsbsy.sty
Package: amsbsy 1999/11/29 v1.2d
\pmbraise@=\dimen105
)
(/usr/share/texlive/texmf-dist/tex/latex/amsmath/amsopn.sty
Package: amsopn 1999/12/14 v2.01 operator names
)
\inf@bad=\count89
LaTeX Info: Redefining \frac on input line 210.
\uproot@=\count90
\leftroot@=\count91
LaTeX Info: Redefining \overline on input line 306.
\classnum@=\count92
\DOTSCASE@=\count93
LaTeX Info: Redefining \ldots on input line 378.
LaTeX Info: Redefining \dots on input line 381.
LaTeX Info: Redefining \cdots on input line 466.
\Mathstrutbox@=\box26
\strutbox@=\box27
\big@size=\dimen106
LaTeX Font Info:    Redeclaring font encoding OML on input line 566.
LaTeX Font Info:    Redeclaring font encoding OMS on input line 567.
\macc@depth=\count94
\c@MaxMatrixCols=\count95
\dotsspace@=\muskip10
\c@parentequation=\count96
\dspbrk@lvl=\count97
\tag@help=\toks17
\row@=\count98
\column@=\count99
\maxfields@=\count100
\andhelp@=\toks18
\eqnshift@=\dimen107
\alignsep@=\dimen108
\tagshift@=\dimen109
\tagwidth@=\dimen110
\totwidth@=\dimen111
\lineht@=\dimen112
\@envbody=\toks19
\multlinegap=\skip44
\multlinetaggap=\skip45
\mathdisplay@stack=\toks20
LaTeX Info: Redefining \[ on input line 2665.
LaTeX Info: Redefining \] on input line 2666.
)
(/usr/share/texlive/texmf-dist/tex/latex/amsfonts/amssymb.sty
Package: amssymb 2013/01/14 v3.01 AMS font symbols

(/usr/share/texlive/texmf-dist/tex/latex/amsfonts/amsfonts.sty
Package: amsfonts 2013/01/14 v3.01 Basic AMSFonts support
\symAMSa=\mathgroup4
\symAMSb=\mathgroup5
LaTeX Font Info:    Overwriting math alphabet `\mathfrak' in version `bold'
(Font)                  U/euf/m/n --> U/euf/b/n on input line 106.
))
(/usr/share/texlive/texmf-dist/tex/latex/graphics/color.sty
Package: color 2005/11/14 v1.0j Standard LaTeX Color (DPC)

(/usr/share/texlive/texmf-dist/tex/latex/latexconfig/color.cfg
File: color.cfg 2007/01/18 v1.5 color configuration of teTeX/TeXLive
)
Package color Info: Driver file: pdftex.def on input line 130.

(/usr/share/texlive/texmf-dist/tex/latex/pdftex-def/pdftex.def
File: pdftex.def 2011/05/27 v0.06d Graphics/color for pdfTeX

(/usr/share/texlive/texmf-dist/tex/generic/oberdiek/infwarerr.sty
Package: infwarerr 2010/04/08 v1.3 Providing info/warning/error messages (HO)
)
(/usr/share/texlive/texmf-dist/tex/generic/oberdiek/ltxcmds.sty
Package: ltxcmds 2011/11/09 v1.22 LaTeX kernel commands for general use (HO)
)
\Gread@gobject=\count101
))
(/usr/share/texlive/texmf-dist/tex/latex/graphics/graphicx.sty
Package: graphicx 1999/02/16 v1.0f Enhanced LaTeX Graphics (DPC,SPQR)

(/usr/share/texlive/texmf-dist/tex/latex/graphics/keyval.sty
Package: keyval 1999/03/16 v1.13 key=value parser (DPC)
\KV@toks@=\toks21
)
(/usr/share/texlive/texmf-dist/tex/latex/graphics/graphics.sty
Package: graphics 2009/02/05 v1.0o Standard LaTeX Graphics (DPC,SPQR)

(/usr/share/texlive/texmf-dist/tex/latex/graphics/trig.sty
Package: trig 1999/03/16 v1.09 sin cos tan (DPC)
)
(/usr/share/texlive/texmf-dist/tex/latex/latexconfig/graphics.cfg
File: graphics.cfg 2010/04/23 v1.9 graphics configuration of TeX Live
)
Package graphics Info: Driver file: pdftex.def on input line 91.
)
\Gin@req@height=\dimen113
\Gin@req@width=\dimen114
)
(/usr/share/texlive/texmf-dist/tex/latex/url/url.sty
\Urlmuskip=\muskip11
Package: url 2013/09/16  ver 3.4  Verb mode for urls, etc.
)
(/usr/share/texlive/texmf-dist/tex/latex/caption/caption.sty
Package: caption 2013/05/02 v3.3-89 Customizing captions (AR)

(/usr/share/texlive/texmf-dist/tex/latex/caption/caption3.sty
Package: caption3 2013/05/02 v1.6-88 caption3 kernel (AR)
Package caption3 Info: TeX engine: e-TeX on input line 57.
\captionmargin=\dimen115
\captionmargin@=\dimen116
\captionwidth=\dimen117
\caption@tempdima=\dimen118
\caption@indent=\dimen119
\caption@parindent=\dimen120
\caption@hangindent=\dimen121
)
\c@ContinuedFloat=\count102
)
(/usr/share/texlive/texmf-dist/tex/latex/hyperref/hyperref.sty
Package: hyperref 2012/11/06 v6.83m Hypertext links for LaTeX

(/usr/share/texlive/texmf-dist/tex/generic/oberdiek/hobsub-hyperref.sty
Package: hobsub-hyperref 2012/05/28 v1.13 Bundle oberdiek, subset hyperref (HO)


(/usr/share/texlive/texmf-dist/tex/generic/oberdiek/hobsub-generic.sty
Package: hobsub-generic 2012/05/28 v1.13 Bundle oberdiek, subset generic (HO)
Package: hobsub 2012/05/28 v1.13 Construct package bundles (HO)
Package hobsub Info: Skipping package `infwarerr' (already loaded).
Package hobsub Info: Skipping package `ltxcmds' (already loaded).
Package: ifluatex 2010/03/01 v1.3 Provides the ifluatex switch (HO)
Package ifluatex Info: LuaTeX not detected.
Package: ifvtex 2010/03/01 v1.5 Detect VTeX and its facilities (HO)
Package ifvtex Info: VTeX not detected.
Package: intcalc 2007/09/27 v1.1 Expandable calculations with integers (HO)
Package: ifpdf 2011/01/30 v2.3 Provides the ifpdf switch (HO)
Package ifpdf Info: pdfTeX in PDF mode is detected.
Package: etexcmds 2011/02/16 v1.5 Avoid name clashes with e-TeX commands (HO)
Package etexcmds Info: Could not find \expanded.
(etexcmds)             That can mean that you are not using pdfTeX 1.50 or
(etexcmds)             that some package has redefined \expanded.
(etexcmds)             In the latter case, load this package earlier.
Package: kvsetkeys 2012/04/25 v1.16 Key value parser (HO)
Package: kvdefinekeys 2011/04/07 v1.3 Define keys (HO)
Package: pdftexcmds 2011/11/29 v0.20 Utility functions of pdfTeX for LuaTeX (HO
)
Package pdftexcmds Info: LuaTeX not detected.
Package pdftexcmds Info: \pdf@primitive is available.
Package pdftexcmds Info: \pdf@ifprimitive is available.
Package pdftexcmds Info: \pdfdraftmode found.
Package: pdfescape 2011/11/25 v1.13 Implements pdfTeX's escape features (HO)
Package: bigintcalc 2012/04/08 v1.3 Expandable calculations on big integers (HO
)
Package: bitset 2011/01/30 v1.1 Handle bit-vector datatype (HO)
Package: uniquecounter 2011/01/30 v1.2 Provide unlimited unique counter (HO)
)
Package hobsub Info: Skipping package `hobsub' (already loaded).
Package: letltxmacro 2010/09/02 v1.4 Let assignment for LaTeX macros (HO)
Package: hopatch 2012/05/28 v1.2 Wrapper for package hooks (HO)
Package: xcolor-patch 2011/01/30 xcolor patch
Package: atveryend 2011/06/30 v1.8 Hooks at the very end of document (HO)
Package atveryend Info: \enddocument detected (standard20110627).
Package: atbegshi 2011/10/05 v1.16 At begin shipout hook (HO)
Package: refcount 2011/10/16 v3.4 Data extraction from label references (HO)
Package: hycolor 2011/01/30 v1.7 Color options for hyperref/bookmark (HO)
)
(/usr/share/texlive/texmf-dist/tex/generic/ifxetex/ifxetex.sty
Package: ifxetex 2010/09/12 v0.6 Provides ifxetex conditional
)
(/usr/share/texlive/texmf-dist/tex/latex/oberdiek/auxhook.sty
Package: auxhook 2011/03/04 v1.3 Hooks for auxiliary files (HO)
)
(/usr/share/texlive/texmf-dist/tex/latex/oberdiek/kvoptions.sty
Package: kvoptions 2011/06/30 v3.11 Key value format for package options (HO)
)
\@linkdim=\dimen122
\Hy@linkcounter=\count103
\Hy@pagecounter=\count104

(/usr/share/texlive/texmf-dist/tex/latex/hyperref/pd1enc.def
File: pd1enc.def 2012/11/06 v6.83m Hyperref: PDFDocEncoding definition (HO)
Now handling font encoding PD1 ...
... no UTF-8 mapping file for font encoding PD1
)
\Hy@SavedSpaceFactor=\count105

(/usr/share/texlive/texmf-dist/tex/latex/latexconfig/hyperref.cfg
File: hyperref.cfg 2002/06/06 v1.2 hyperref configuration of TeXLive
)
Package hyperref Info: Hyper figures OFF on input line 4443.
Package hyperref Info: Link nesting OFF on input line 4448.
Package hyperref Info: Hyper index ON on input line 4451.
Package hyperref Info: Plain pages OFF on input line 4458.
Package hyperref Info: Backreferencing OFF on input line 4463.
Package hyperref Info: Implicit mode ON; LaTeX internals redefined.
Package hyperref Info: Bookmarks ON on input line 4688.
\c@Hy@tempcnt=\count106
LaTeX Info: Redefining \url on input line 5041.
\XeTeXLinkMargin=\dimen123
\Fld@menulength=\count107
\Field@Width=\dimen124
\Fld@charsize=\dimen125
Package hyperref Info: Hyper figures OFF on input line 6295.
Package hyperref Info: Link nesting OFF on input line 6300.
Package hyperref Info: Hyper index ON on input line 6303.
Package hyperref Info: backreferencing OFF on input line 6310.
Package hyperref Info: Link coloring OFF on input line 6315.
Package hyperref Info: Link coloring with OCG OFF on input line 6320.
Package hyperref Info: PDF/A mode OFF on input line 6325.
LaTeX Info: Redefining \ref on input line 6365.
LaTeX Info: Redefining \pageref on input line 6369.
\Hy@abspage=\count108
\c@Item=\count109
\c@Hfootnote=\count110
)

Package hyperref Message: Driver (autodetected): hpdftex.

(/usr/share/texlive/texmf-dist/tex/latex/hyperref/hpdftex.def
File: hpdftex.def 2012/11/06 v6.83m Hyperref driver for pdfTeX
\Fld@listcount=\count111
\c@bookmark@seq@number=\count112

(/usr/share/texlive/texmf-dist/tex/latex/oberdiek/rerunfilecheck.sty
Package: rerunfilecheck 2011/04/15 v1.7 Rerun checks for auxiliary files (HO)
Package uniquecounter Info: New unique counter `rerunfilecheck' on input line 2
82.
)
\Hy@SectionHShift=\skip46
)
(/usr/share/texlive/texmf-dist/tex/latex/float/float.sty
Package: float 2001/11/08 v1.3d Float enhancements (AL)
\c@float@type=\count113
\float@exts=\toks22
\float@box=\box28
\@float@everytoks=\toks23
\@floatcapt=\box29
)
(/usr/share/texlive/texmf-dist/tex/latex/datetime/datetime.sty
Package: datetime 2013/09/10 v2.59 Date Time Package

(/usr/share/texlive/texmf-dist/tex/latex/etoolbox/etoolbox.sty
Package: etoolbox 2011/01/03 v2.1 e-TeX tools for LaTeX

(/usr/share/texlive/texmf-dist/tex/latex/etex-pkg/etex.sty
Package: etex 1998/03/26 v2.0 eTeX basic definition package (PEB)
\et@xins=\count114
)
\etb@tempcnta=\count115
)
(/usr/share/texlive/texmf-dist/tex/latex/fmtcount/fmtcount.sty
Package: fmtcount 2013/08/17 v2.03

(/usr/share/texlive/texmf-dist/tex/latex/base/ifthen.sty
Package: ifthen 2001/05/26 v1.1c Standard LaTeX ifthen package (DPC)
)
(/usr/share/texlive/texmf-dist/tex/latex/fmtcount/fcprefix.sty
Package: fcprefix 2012/09/28

(/usr/share/texlive/texmf-dist/tex/latex/fmtcount/fcnumparser.sty
Package: fcnumparser 2012/09/28
\fc@digit@counter=\count116
))
\c@padzeroesN=\count117
\fc@tmpcatcode=\count118
\@DT@modctr=\count119
\@ordinalctr=\count120
\@orgargctr=\count121
\@strctr=\count122
\@tmpstrctr=\count123
\@DT@loopN=\count124
\@DT@X=\count125
)
(/usr/share/texlive/texmf-dist/tex/latex/datetime/datetime-defaults.sty
Package: datetime-defaults 2013/09/10
)
\@day=\count126
\@month=\count127
\@year=\count128
\c@HOUR=\count129
\c@HOURXII=\count130
\c@MINUTE=\count131
\c@TOHOUR=\count132
\c@TOMINUTE=\count133
\c@SECOND=\count134
\currenthour=\count135
\currentminute=\count136
\currentsecond=\count137
Package datetime Info: No datetime.cfg file found, using default settings on in
put line 308.

(/usr/share/texlive/texmf-dist/tex/latex/datetime/dt-swedish.def
File: dt-swedish.def 2013/09/10
LaTeX Info: Redefining \dateswedish on input line 63.
LaTeX Info: Redefining \datesymd on input line 68.
LaTeX Info: Redefining \datesdmy on input line 74.
)
\@dtctr=\count138
\dayofyear=\count139
\dayofweek=\count140
LaTeX Info: Redefining \today on input line 736.
\dt@a=\toks24
\dt@b=\toks25
)
(./SALSA-USERMANUAL_Swedish.aux)
\openout1 = `SALSA-USERMANUAL_Swedish.aux'.

LaTeX Font Info:    Checking defaults for OML/cmm/m/it on input line 26.
LaTeX Font Info:    ... okay on input line 26.
LaTeX Font Info:    Checking defaults for T1/cmr/m/n on input line 26.
LaTeX Font Info:    ... okay on input line 26.
LaTeX Font Info:    Checking defaults for OT1/cmr/m/n on input line 26.
LaTeX Font Info:    ... okay on input line 26.
LaTeX Font Info:    Checking defaults for OMS/cmsy/m/n on input line 26.
LaTeX Font Info:    ... okay on input line 26.
LaTeX Font Info:    Checking defaults for OMX/cmex/m/n on input line 26.
LaTeX Font Info:    ... okay on input line 26.
LaTeX Font Info:    Checking defaults for U/cmr/m/n on input line 26.
LaTeX Font Info:    ... okay on input line 26.
LaTeX Font Info:    Checking defaults for PD1/pdf/m/n on input line 26.
LaTeX Font Info:    ... okay on input line 26.
LaTeX Font Info:    Try loading font information for T1+lmr on input line 26.
 (/usr/share/texmf/tex/latex/lm/t1lmr.fd
File: t1lmr.fd 2009/10/30 v1.6 Font defs for Latin Modern
)
(/usr/share/texlive/texmf-dist/tex/context/base/supp-pdf.mkii
[Loading MPS to PDF converter (version 2006.09.02).]
\scratchcounter=\count141
\scratchdimen=\dimen126
\scratchbox=\box30
\nofMPsegments=\count142
\nofMParguments=\count143
\everyMPshowfont=\toks26
\MPscratchCnt=\count144
\MPscratchDim=\dimen127
\MPnumerator=\count145
\makeMPintoPDFobject=\count146
\everyMPtoPDFconversion=\toks27
) (/usr/share/texlive/texmf-dist/tex/latex/oberdiek/epstopdf-base.sty
Package: epstopdf-base 2010/02/09 v2.5 Base part for package epstopdf

(/usr/share/texlive/texmf-dist/tex/latex/oberdiek/grfext.sty
Package: grfext 2010/08/19 v1.1 Manage graphics extensions (HO)
)
Package grfext Info: Graphics extension search list:
(grfext)             [.png,.pdf,.jpg,.mps,.jpeg,.jbig2,.jb2,.PNG,.PDF,.JPG,.JPE
G,.JBIG2,.JB2,.eps]
(grfext)             \AppendGraphicsExtensions on input line 452.

(/usr/share/texlive/texmf-dist/tex/latex/latexconfig/epstopdf-sys.cfg
File: epstopdf-sys.cfg 2010/07/13 v1.3 Configuration of (r)epstopdf for TeX Liv
e
))
Package caption Info: Begin \AtBeginDocument code.
Package caption Info: float package is loaded.
Package caption Info: hyperref package is loaded.
Package caption Info: End \AtBeginDocument code.
\AtBeginShipoutBox=\box31
Package hyperref Info: Link coloring OFF on input line 26.

(/usr/share/texlive/texmf-dist/tex/latex/hyperref/nameref.sty
Package: nameref 2012/10/27 v2.43 Cross-referencing by name of section

(/usr/share/texlive/texmf-dist/tex/generic/oberdiek/gettitlestring.sty
Package: gettitlestring 2010/12/03 v1.4 Cleanup title references (HO)
)
\c@section@level=\count147
)
LaTeX Info: Redefining \ref on input line 26.
LaTeX Info: Redefining \pageref on input line 26.
LaTeX Info: Redefining \nameref on input line 26.

(./SALSA-USERMANUAL_Swedish.out) (./SALSA-USERMANUAL_Swedish.out)
\@outlinefile=\write3
\openout3 = `SALSA-USERMANUAL_Swedish.out'.


(./coverpage.tex <../figures/OSO-logo.jpg, id=144, 105.996pt x 86.724pt>
File: ../figures/OSO-logo.jpg Graphic file (type jpg)

<use ../figures/OSO-logo.jpg>
Package pdftex.def Info: ../figures/OSO-logo.jpg used on input line 6.
(pdftex.def)             Requested size: 139.10968pt x 113.81102pt.

<../figures/CHALMERS-logo.pdf, id=145, 202.7575pt x 226.8475pt>
File: ../figures/CHALMERS-logo.pdf Graphic file (type pdf)

<use ../figures/CHALMERS-logo.pdf>
Package pdftex.def Info: ../figures/CHALMERS-logo.pdf used on input line 8.
(pdftex.def)             Requested size: 101.725pt x 113.81102pt.

<../figures/SALSA.png, id=146, 338.26375pt x 382.42876pt>
File: ../figures/SALSA.png Graphic file (type png)

<use ../figures/SALSA.png>
Package pdftex.def Info: ../figures/SALSA.png used on input line 22.
(pdftex.def)             Requested size: 284.52756pt x 321.68727pt.
LaTeX Font Info:    Try loading font information for OT1+lmr on input line 27.
 (/usr/share/texmf/tex/latex/lm/ot1lmr.fd
File: ot1lmr.fd 2009/10/30 v1.6 Font defs for Latin Modern
)
LaTeX Font Info:    Try loading font information for OML+lmm on input line 27.

(/usr/share/texmf/tex/latex/lm/omllmm.fd
File: omllmm.fd 2009/10/30 v1.6 Font defs for Latin Modern
)
LaTeX Font Info:    Try loading font information for OMS+lmsy on input line 27.


(/usr/share/texmf/tex/latex/lm/omslmsy.fd
File: omslmsy.fd 2009/10/30 v1.6 Font defs for Latin Modern
)
LaTeX Font Info:    Try loading font information for OMX+lmex on input line 27.


(/usr/share/texmf/tex/latex/lm/omxlmex.fd
File: omxlmex.fd 2009/10/30 v1.6 Font defs for Latin Modern
)
LaTeX Font Info:    External font `lmex10' loaded for size
(Font)              <12> on input line 27.
LaTeX Font Info:    External font `lmex10' loaded for size
(Font)              <8> on input line 27.
LaTeX Font Info:    External font `lmex10' loaded for size
(Font)              <6> on input line 27.
LaTeX Font Info:    Try loading font information for U+msa on input line 27.

(/usr/share/texlive/texmf-dist/tex/latex/amsfonts/umsa.fd
File: umsa.fd 2013/01/14 v3.01 AMS symbols A
)
LaTeX Font Info:    Try loading font information for U+msb on input line 27.

(/usr/share/texlive/texmf-dist/tex/latex/amsfonts/umsb.fd
File: umsb.fd 2013/01/14 v3.01 AMS symbols B
)
Package babel Info: Redefining swedish shorthand "|
(babel)             in language  on input line 39.
Package babel Info: Redefining swedish shorthand "~
(babel)             in language  on input line 39.
Package babel Info: Redefining swedish shorthand "|
(babel)             in language  on input line 39.
Package babel Info: Redefining swedish shorthand "~
(babel)             in language  on input line 39.
 [1

{/var/lib/texmf/fonts/map/pdftex/updmap/pdftex.map} <../figures/OSO-logo.jpg> <
../figures/CHALMERS-logo.pdf> <../figures/SALSA.png>]) (./SALSA-USERMANUAL_Swed
ish.toc
Package babel Info: Redefining swedish shorthand "|
(babel)             in language  on input line 40.
Package babel Info: Redefining swedish shorthand "~
(babel)             in language  on input line 40.
Package babel Info: Redefining swedish shorthand "|
(babel)             in language  on input line 40.
Package babel Info: Redefining swedish shorthand "~
(babel)             in language  on input line 40.
pdfTeX warning (ext4): destination with the same identifier (name{page.1}) has 
been already used, duplicate ignored
<to be read again> 
                   \relax 
l.40 ...oriella koordinater}{21}{subsection.A.2.1}
                                                   [1

])
\tf@toc=\write4
\openout4 = `SALSA-USERMANUAL_Swedish.toc'.

 (./abstract.tex
Package babel Info: Redefining swedish shorthand "|
(babel)             in language  on input line 1.
Package babel Info: Redefining swedish shorthand "~
(babel)             in language  on input line 1.
Package babel Info: Redefining swedish shorthand "|
(babel)             in language  on input line 1.
Package babel Info: Redefining swedish shorthand "~
(babel)             in language  on input line 1.

[2]
Package babel Info: Redefining swedish shorthand "|
(babel)             in language  on input line 2.
Package babel Info: Redefining swedish shorthand "~
(babel)             in language  on input line 2.
) (./portal.tex
Package babel Info: Redefining swedish shorthand "|
(babel)             in language  on input line 1.
Package babel Info: Redefining swedish shorthand "~
(babel)             in language  on input line 1.
Package babel Info: Redefining swedish shorthand "|
(babel)             in language  on input line 1.
Package babel Info: Redefining swedish shorthand "~
(babel)             in language  on input line 1.
 [3

]
Kapitel 1.
Package babel Info: Redefining swedish shorthand "|
(babel)             in language  on input line 1.
Package babel Info: Redefining swedish shorthand "~
(babel)             in language  on input line 1.
<../figures/SALSA_website.png, id=213, 558.085pt x 202.7575pt>
File: ../figures/SALSA_website.png Graphic file (type png)

<use ../figures/SALSA_website.png>
Package pdftex.def Info: ../figures/SALSA_website.png used on input line 8.
(pdftex.def)             Requested size: 483.69684pt x 175.73552pt.
Package babel Info: Redefining swedish shorthand "|
(babel)             in language  on input line 14.
Package babel Info: Redefining swedish shorthand "~
(babel)             in language  on input line 14.
Package babel Info: Redefining swedish shorthand "|
(babel)             in language  on input line 20.
Package babel Info: Redefining swedish shorthand "~
(babel)             in language  on input line 20.

<../figures/SALSA_book.png, id=215, 524.96124pt x 322.20375pt>
File: ../figures/SALSA_book.png Graphic file (type png)

<use ../figures/SALSA_book.png>
Package pdftex.def Info: ../figures/SALSA_book.png used on input line 29.
(pdftex.def)             Requested size: 483.69684pt x 296.88826pt.
Package babel Info: Redefining swedish shorthand "|
(babel)             in language  on input line 33.
Package babel Info: Redefining swedish shorthand "~
(babel)             in language  on input line 33.
Package babel Info: Redefining swedish shorthand "|
(babel)             in language  on input line 33.
Package babel Info: Redefining swedish shorthand "~
(babel)             in language  on input line 33.
 [4

 <../figures/SALSA_website.png>]
Package babel Info: Redefining swedish shorthand "|
(babel)             in language  on input line 60.
Package babel Info: Redefining swedish shorthand "~
(babel)             in language  on input line 60.
Package babel Info: Redefining swedish shorthand "|
(babel)             in language  on input line 60.
Package babel Info: Redefining swedish shorthand "~
(babel)             in language  on input line 60.
 [5 <../figures/SALSA_book.png>]
Package babel Info: Redefining swedish shorthand "|
(babel)             in language  on input line 60.
Package babel Info: Redefining swedish shorthand "~
(babel)             in language  on input line 60.
Package babel Info: Redefining swedish shorthand "|
(babel)             in language  on input line 65.
Package babel Info: Redefining swedish shorthand "~
(babel)             in language  on input line 65.

<../figures/SALSA_archive.png, id=229, 937.5025pt x 204.765pt>
File: ../figures/SALSA_archive.png Graphic file (type png)

<use ../figures/SALSA_archive.png>
Package pdftex.def Info: ../figures/SALSA_archive.png used on input line 77.
(pdftex.def)             Requested size: 483.69684pt x 105.64417pt.
) (./control.tex
Package babel Info: Redefining swedish shorthand "|
(babel)             in language  on input line 1.
Package babel Info: Redefining swedish shorthand "~
(babel)             in language  on input line 1.
Package babel Info: Redefining swedish shorthand "|
(babel)             in language  on input line 1.
Package babel Info: Redefining swedish shorthand "~
(babel)             in language  on input line 1.
 [6 <../figures/SALSA_archive.png>]
Kapitel 2.
Package babel Info: Redefining swedish shorthand "|
(babel)             in language  on input line 1.
Package babel Info: Redefining swedish shorthand "~
(babel)             in language  on input line 1.
LaTeX Font Info:    Try loading font information for T1+lmtt on input line 11.
(/usr/share/texmf/tex/latex/lm/t1lmtt.fd
File: t1lmtt.fd 2009/10/30 v1.6 Font defs for Latin Modern
)
Package babel Info: Redefining swedish shorthand "|
(babel)             in language  on input line 15.
Package babel Info: Redefining swedish shorthand "~
(babel)             in language  on input line 15.
Package babel Info: Redefining swedish shorthand "|
(babel)             in language  on input line 21.
Package babel Info: Redefining swedish shorthand "~
(babel)             in language  on input line 21.
Package babel Info: Redefining swedish shorthand "|
(babel)             in language  on input line 30.
Package babel Info: Redefining swedish shorthand "~
(babel)             in language  on input line 30.
Package babel Info: Redefining swedish shorthand "|
(babel)             in language  on input line 36.
Package babel Info: Redefining swedish shorthand "~
(babel)             in language  on input line 36.
Package babel Info: Redefining swedish shorthand "|
(babel)             in language  on input line 45.
Package babel Info: Redefining swedish shorthand "~
(babel)             in language  on input line 45.
Package babel Info: Redefining swedish shorthand "|
(babel)             in language  on input line 45.
Package babel Info: Redefining swedish shorthand "~
(babel)             in language  on input line 45.
 [7

]
Package babel Info: Redefining swedish shorthand "|
(babel)             in language  on input line 63.
Package babel Info: Redefining swedish shorthand "~
(babel)             in language  on input line 63.
Package babel Info: Redefining swedish shorthand "|
(babel)             in language  on input line 80.
Package babel Info: Redefining swedish shorthand "~
(babel)             in language  on input line 80.
LaTeX Font Info:    Try loading font information for OMS+lmr on input line 91.

(/usr/share/texmf/tex/latex/lm/omslmr.fd
File: omslmr.fd 2009/10/30 v1.6 Font defs for Latin Modern
)
LaTeX Font Info:    Font shape `OMS/lmr/m/n' in size <12> not available
(Font)              Font shape `OMS/lmsy/m/n' tried instead on input line 91.
Package babel Info: Redefining swedish shorthand "|
(babel)             in language  on input line 112.
Package babel Info: Redefining swedish shorthand "~
(babel)             in language  on input line 112.
Package babel Info: Redefining swedish shorthand "|
(babel)             in language  on input line 112.
Package babel Info: Redefining swedish shorthand "~
(babel)             in language  on input line 112.
 [8]
Package babel Info: Redefining swedish shorthand "|
(babel)             in language  on input line 114.
Package babel Info: Redefining swedish shorthand "~
(babel)             in language  on input line 114.
Package babel Info: Redefining swedish shorthand "|
(babel)             in language  on input line 128.
Package babel Info: Redefining swedish shorthand "~
(babel)             in language  on input line 128.
Package babel Info: Redefining swedish shorthand "|
(babel)             in language  on input line 147.
Package babel Info: Redefining swedish shorthand "~
(babel)             in language  on input line 147.
LaTeX Font Info:    External font `lmex10' loaded for size
(Font)              <10> on input line 154.
LaTeX Font Info:    External font `lmex10' loaded for size
(Font)              <7> on input line 154.
LaTeX Font Info:    External font `lmex10' loaded for size
(Font)              <5> on input line 154.

<../figures/Controller_start.png, id=249, 837.1275pt x 661.47125pt>
File: ../figures/Controller_start.png Graphic file (type png)

<use ../figures/Controller_start.png>
Package pdftex.def Info: ../figures/Controller_start.png used on input line 158
.
(pdftex.def)             Requested size: 483.69684pt x 382.20016pt.
Package babel Info: Redefining swedish shorthand "|
(babel)             in language  on input line 167.
Package babel Info: Redefining swedish shorthand "~
(babel)             in language  on input line 167.
Package babel Info: Redefining swedish shorthand "|
(babel)             in language  on input line 172.
Package babel Info: Redefining swedish shorthand "~
(babel)             in language  on input line 172.
Package babel Info: Redefining swedish shorthand "|
(babel)             in language  on input line 172.
Package babel Info: Redefining swedish shorthand "~
(babel)             in language  on input line 172.
 [9]
Package babel Info: Redefining swedish shorthand "|
(babel)             in language  on input line 190.
Package babel Info: Redefining swedish shorthand "~
(babel)             in language  on input line 190.
Package babel Info: Redefining swedish shorthand "|
(babel)             in language  on input line 190.
Package babel Info: Redefining swedish shorthand "~
(babel)             in language  on input line 190.
 [10 <../figures/Controller_start.png>] <../figures/Controller_move.png, id=265
, 808.01875pt x 593.21625pt>
File: ../figures/Controller_move.png Graphic file (type png)

<use ../figures/Controller_move.png>
Package pdftex.def Info: ../figures/Controller_move.png used on input line 214.

(pdftex.def)             Requested size: 483.69684pt x 355.11783pt.
Package babel Info: Redefining swedish shorthand "|
(babel)             in language  on input line 241.
Package babel Info: Redefining swedish shorthand "~
(babel)             in language  on input line 241.

<../figures/Controller_measure.png, id=268, 808.01875pt x 593.21625pt>
File: ../figures/Controller_measure.png Graphic file (type png)

<use ../figures/Controller_measure.png>
Package pdftex.def Info: ../figures/Controller_measure.png used on input line 2
53.
(pdftex.def)             Requested size: 483.69684pt x 355.11783pt.
Package babel Info: Redefining swedish shorthand "|
(babel)             in language  on input line 258.
Package babel Info: Redefining swedish shorthand "~
(babel)             in language  on input line 258.
Package babel Info: Redefining swedish shorthand "|
(babel)             in language  on input line 258.
Package babel Info: Redefining swedish shorthand "~
(babel)             in language  on input line 258.
 [11]
Package babel Info: Redefining swedish shorthand "|
(babel)             in language  on input line 268.
Package babel Info: Redefining swedish shorthand "~
(babel)             in language  on input line 268.

<../figures/Controller_spectra.png, id=279, 852.18375pt x 684.5575pt>
File: ../figures/Controller_spectra.png Graphic file (type png)

<use ../figures/Controller_spectra.png>
Package pdftex.def Info: ../figures/Controller_spectra.png used on input line 2
80.
(pdftex.def)             Requested size: 483.69684pt x 388.56187pt.
Package babel Info: Redefining swedish shorthand "|
(babel)             in language  on input line 300.
Package babel Info: Redefining swedish shorthand "~
(babel)             in language  on input line 300.
Package babel Info: Redefining swedish shorthand "|
(babel)             in language  on input line 300.
Package babel Info: Redefining swedish shorthand "~
(babel)             in language  on input line 300.
 [12 <../figures/Controller_move.png>]
Package babel Info: Redefining swedish shorthand "|
(babel)             in language  on input line 308.
Package babel Info: Redefining swedish shorthand "~
(babel)             in language  on input line 308.
Package babel Info: Redefining swedish shorthand "|
(babel)             in language  on input line 308.
Package babel Info: Redefining swedish shorthand "~
(babel)             in language  on input line 308.

[13 <../figures/Controller_measure.png>]
<../figures/RFIremoval.png, id=295, 973.6375pt x 355.3275pt>
File: ../figures/RFIremoval.png Graphic file (type png)

<use ../figures/RFIremoval.png>
Package pdftex.def Info: ../figures/RFIremoval.png used on input line 316.
(pdftex.def)             Requested size: 483.69684pt x 176.5247pt.
Package babel Info: Redefining swedish shorthand "|
(babel)             in language  on input line 324.
Package babel Info: Redefining swedish shorthand "~
(babel)             in language  on input line 324.
Package babel Info: Redefining swedish shorthand "|
(babel)             in language  on input line 333.
Package babel Info: Redefining swedish shorthand "~
(babel)             in language  on input line 333.
Package babel Info: Redefining swedish shorthand "|
(babel)             in language  on input line 344.
Package babel Info: Redefining swedish shorthand "~
(babel)             in language  on input line 344.
Package babel Info: Redefining swedish shorthand "|
(babel)             in language  on input line 357.
Package babel Info: Redefining swedish shorthand "~
(babel)             in language  on input line 357.
Package babel Info: Redefining swedish shorthand "|
(babel)             in language  on input line 357.
Package babel Info: Redefining swedish shorthand "~
(babel)             in language  on input line 357.
 [14]
Package babel Info: Redefining swedish shorthand "|
(babel)             in language  on input line 370.
Package babel Info: Redefining swedish shorthand "~
(babel)             in language  on input line 370.
Package babel Info: Redefining swedish shorthand "|
(babel)             in language  on input line 389.
Package babel Info: Redefining swedish shorthand "~
(babel)             in language  on input line 389.
) (./techspec.tex
Overfull \hbox (77.4968pt too wide) in paragraph at lines 390--1
\T1/lmr/m/n/12 kan få an-vänd-ning för skript som gjorts av Mi-chael Ol-berg, s
om du hit-tar på https://github.com/molberg/salsa.
 []


Underfull \hbox (badness 10000) in paragraph at lines 390--1

 []

Package babel Info: Redefining swedish shorthand "|
(babel)             in language  on input line 1.
Package babel Info: Redefining swedish shorthand "~
(babel)             in language  on input line 1.
Package babel Info: Redefining swedish shorthand "|
(babel)             in language  on input line 1.
Package babel Info: Redefining swedish shorthand "~
(babel)             in language  on input line 1.
[15]
Package babel Info: Redefining swedish shorthand "|
(babel)             in language  on input line 1.
Package babel Info: Redefining swedish shorthand "~
(babel)             in language  on input line 1.
Package babel Info: Redefining swedish shorthand "|
(babel)             in language  on input line 1.
Package babel Info: Redefining swedish shorthand "~
(babel)             in language  on input line 1.
 [16 <../figures/Controller_spectra.png>]
Package babel Info: Redefining swedish shorthand "|
(babel)             in language  on input line 1.
Package babel Info: Redefining swedish shorthand "~
(babel)             in language  on input line 1.
Package babel Info: Redefining swedish shorthand "|
(babel)             in language  on input line 1.
Package babel Info: Redefining swedish shorthand "~
(babel)             in language  on input line 1.
 [17 <../figures/RFIremoval.png>]
Kapitel 3.
Package babel Info: Redefining swedish shorthand "|
(babel)             in language  on input line 1.
Package babel Info: Redefining swedish shorthand "~
(babel)             in language  on input line 1.
Package babel Info: Redefining swedish shorthand "|
(babel)             in language  on input line 6.
Package babel Info: Redefining swedish shorthand "~
(babel)             in language  on input line 6.
<../figures/Beam_vale_2014-10-03.pdf, id=325, 915.11888pt x 579.0634pt>
File: ../figures/Beam_vale_2014-10-03.pdf Graphic file (type pdf)

<use ../figures/Beam_vale_2014-10-03.pdf>
Package pdftex.def Info: ../figures/Beam_vale_2014-10-03.pdf used on input line
 21.
(pdftex.def)             Requested size: 483.69684pt x 306.07158pt.
LaTeX Font Info:    External font `lmex10' loaded for size
(Font)              <10.95> on input line 25.
Package babel Info: Redefining swedish shorthand "|
(babel)             in language  on input line 29.
Package babel Info: Redefining swedish shorthand "~
(babel)             in language  on input line 29.
Package babel Info: Redefining swedish shorthand "|
(babel)             in language  on input line 43.
Package babel Info: Redefining swedish shorthand "~
(babel)             in language  on input line 43.
) (./appendix.tex
Package babel Info: Redefining swedish shorthand "|
(babel)             in language  on input line 1.
Package babel Info: Redefining swedish shorthand "~
(babel)             in language  on input line 1.
Package babel Info: Redefining swedish shorthand "|
(babel)             in language  on input line 1.
Package babel Info: Redefining swedish shorthand "~
(babel)             in language  on input line 1.
 [18

]
Package babel Info: Redefining swedish shorthand "|
(babel)             in language  on input line 1.
Package babel Info: Redefining swedish shorthand "~
(babel)             in language  on input line 1.
Package babel Info: Redefining swedish shorthand "|
(babel)             in language  on input line 1.
Package babel Info: Redefining swedish shorthand "~
(babel)             in language  on input line 1.
 [19 <../figures/Beam_vale_2014-10-03.pdf>]
Package babel Info: Redefining swedish shorthand "|
(babel)             in language  on input line 2.
Package babel Info: Redefining swedish shorthand "~
(babel)             in language  on input line 2.
Package babel Info: Redefining swedish shorthand "|
(babel)             in language  on input line 5.
Package babel Info: Redefining swedish shorthand "~
(babel)             in language  on input line 5.
Package babel Info: Redefining swedish shorthand "|
(babel)             in language  on input line 5.
Package babel Info: Redefining swedish shorthand "~
(babel)             in language  on input line 5.
 [20

]
Bilaga A.
Package babel Info: Redefining swedish shorthand "|
(babel)             in language  on input line 5.
Package babel Info: Redefining swedish shorthand "~
(babel)             in language  on input line 5.
Package babel Info: Redefining swedish shorthand "|
(babel)             in language  on input line 8.
Package babel Info: Redefining swedish shorthand "~
(babel)             in language  on input line 8.
<../figures/longlat.pdf, id=399, 395.4775pt x 402.50375pt>
File: ../figures/longlat.pdf Graphic file (type pdf)

<use ../figures/longlat.pdf>
Package pdftex.def Info: ../figures/longlat.pdf used on input line 32.
(pdftex.def)             Requested size: 227.62204pt x 231.6651pt.
Package babel Info: Redefining swedish shorthand "|
(babel)             in language  on input line 42.
Package babel Info: Redefining swedish shorthand "~
(babel)             in language  on input line 42.
Package babel Info: Redefining swedish shorthand "|
(babel)             in language  on input line 44.
Package babel Info: Redefining swedish shorthand "~
(babel)             in language  on input line 44.

<../figures/celestial.pdf, id=400, 395.4775pt x 424.58624pt>
File: ../figures/celestial.pdf Graphic file (type pdf)

<use ../figures/celestial.pdf>
Package pdftex.def Info: ../figures/celestial.pdf used on input line 48.
(pdftex.def)             Requested size: 227.62204pt x 244.3749pt.
Package babel Info: Redefining swedish shorthand "|
(babel)             in language  on input line 81.
Package babel Info: Redefining swedish shorthand "~
(babel)             in language  on input line 81.
Package babel Info: Redefining swedish shorthand "|
(babel)             in language  on input line 81.
Package babel Info: Redefining swedish shorthand "~
(babel)             in language  on input line 81.
 [21

]
Package babel Info: Redefining swedish shorthand "|
(babel)             in language  on input line 107.
Package babel Info: Redefining swedish shorthand "~
(babel)             in language  on input line 107.

<../figures/lst.pdf, id=410, 427.5975pt x 404.51125pt>
File: ../figures/lst.pdf Graphic file (type pdf)

<use ../figures/lst.pdf>
Package pdftex.def Info: ../figures/lst.pdf used on input line 111.
(pdftex.def)             Requested size: 227.62204pt x 215.32813pt.
Package babel Info: Redefining swedish shorthand "|
(babel)             in language  on input line 130.
Package babel Info: Redefining swedish shorthand "~
(babel)             in language  on input line 130.
Package babel Info: Redefining swedish shorthand "|
(babel)             in language  on input line 130.
Package babel Info: Redefining swedish shorthand "~
(babel)             in language  on input line 130.
 [22 <../figures/longlat.pdf>]
Package babel Info: Redefining swedish shorthand "|
(babel)             in language  on input line 145.
Package babel Info: Redefining swedish shorthand "~
(babel)             in language  on input line 145.
Package babel Info: Redefining swedish shorthand "|
(babel)             in language  on input line 164.
Package babel Info: Redefining swedish shorthand "~
(babel)             in language  on input line 164.
Package babel Info: Redefining swedish shorthand "|
(babel)             in language  on input line 164.
Package babel Info: Redefining swedish shorthand "~
(babel)             in language  on input line 164.
 [23 <../figures/celestial.pdf>])
Package atveryend Info: Empty hook `BeforeClearDocument' on input line 38.
Package babel Info: Redefining swedish shorthand "|
(babel)             in language  on input line 38.
Package babel Info: Redefining swedish shorthand "~
(babel)             in language  on input line 38.
Package babel Info: Redefining swedish shorthand "|
(babel)             in language  on input line 38.
Package babel Info: Redefining swedish shorthand "~
(babel)             in language  on input line 38.
 [24 <../figures/lst.pdf>]
Package babel Info: Redefining swedish shorthand "|
(babel)             in language  on input line 38.
Package babel Info: Redefining swedish shorthand "~
(babel)             in language  on input line 38.
Package babel Info: Redefining swedish shorthand "|
(babel)             in language  on input line 38.
Package babel Info: Redefining swedish shorthand "~
(babel)             in language  on input line 38.
 [25]
Package atveryend Info: Empty hook `AfterLastShipout' on input line 38.
 (./SALSA-USERMANUAL_Swedish.aux)
Package atveryend Info: Executing hook `AtVeryEndDocument' on input line 38.
Package atveryend Info: Executing hook `AtEndAfterFileList' on input line 38.
Package rerunfilecheck Info: File `SALSA-USERMANUAL_Swedish.out' has not change
d.
(rerunfilecheck)             Checksum: 7440813937813ECFD2E90733395118F8;2516.
Package atveryend Info: Empty hook `AtVeryVeryEnd' on input line 38.
 ) 
Here is how much of TeX's memory you used:
 9239 strings out of 493304
 134265 string characters out of 6139871
 236709 words of memory out of 5000000
 12387 multiletter control sequences out of 15000+600000
 83816 words of font info for 69 fonts, out of 8000000 for 9000
 957 hyphenation exceptions out of 8191
 36i,10n,38p,1038b,466s stack positions out of 5000i,500n,10000p,200000b,80000s
{/usr/share/texmf/fonts/enc/dvips/lm/lm-rm.enc}{/usr/share/texmf/fonts/enc/dv
ips/lm/lm-mathit.enc}{/usr/share/texmf/fonts/enc/dvips/lm/lm-ec.enc}{/usr/share
/texmf/fonts/enc/dvips/lm/lm-mathsy.enc}</usr/share/texmf/fonts/type1/public/lm
/lmbx10.pfb></usr/share/texmf/fonts/type1/public/lm/lmbx12.pfb></usr/share/texm
f/fonts/type1/public/lm/lmmi10.pfb></usr/share/texmf/fonts/type1/public/lm/lmmi
12.pfb></usr/share/texmf/fonts/type1/public/lm/lmr10.pfb></usr/share/texmf/font
s/type1/public/lm/lmr12.pfb></usr/share/texmf/fonts/type1/public/lm/lmr7.pfb></
usr/share/texmf/fonts/type1/public/lm/lmr8.pfb></usr/share/texmf/fonts/type1/pu
blic/lm/lmri10.pfb></usr/share/texmf/fonts/type1/public/lm/lmri12.pfb></usr/sha
re/texmf/fonts/type1/public/lm/lmsy10.pfb></usr/share/texmf/fonts/type1/public/
lm/lmsy8.pfb></usr/share/texmf/fonts/type1/public/lm/lmtt12.pfb>
Output written on SALSA-USERMANUAL_Swedish.pdf (26 pages, 1054119 bytes).
PDF statistics:
 613 PDF objects out of 1000 (max. 8388607)
 429 compressed objects within 5 object streams
 87 named destinations out of 1000 (max. 500000)
 356 words of extra memory for PDF output out of 10000 (max. 10000000)

