This is pdfTeX, Version 3.1415926-2.5-1.40.14 (TeX Live 2013/Debian) (format=pdflatex 2014.6.30)  27 DEC 2014 01:45
entering extended mode
 restricted \write18 enabled.
 %&-line parsing enabled.
**SalsaSpectrum_documentation.tex
(./SalsaSpectrum_documentation.tex
LaTeX2e <2011/06/27>
Babel <3.9h> and hyphenation patterns for 78 languages loaded.
(/usr/share/texlive/texmf-dist/tex/latex/base/article.cls
Document Class: article 2007/10/19 v1.4h Standard LaTeX document class
(/usr/share/texlive/texmf-dist/tex/latex/base/size11.clo
File: size11.clo 2007/10/19 v1.4h Standard LaTeX file (size option)
)
\c@part=\count79
\c@section=\count80
\c@subsection=\count81
\c@subsubsection=\count82
\c@paragraph=\count83
\c@subparagraph=\count84
\c@figure=\count85
\c@table=\count86
\abovecaptionskip=\skip41
\belowcaptionskip=\skip42
\bibindent=\dimen102
)
(/usr/share/texlive/texmf-dist/tex/latex/graphics/color.sty
Package: color 2005/11/14 v1.0j Standard LaTeX Color (DPC)

(/usr/share/texlive/texmf-dist/tex/latex/latexconfig/color.cfg
File: color.cfg 2007/01/18 v1.5 color configuration of teTeX/TeXLive
)
Package color Info: Driver file: pdftex.def on input line 130.

(/usr/share/texlive/texmf-dist/tex/latex/pdftex-def/pdftex.def
File: pdftex.def 2011/05/27 v0.06d Graphics/color for pdfTeX

(/usr/share/texlive/texmf-dist/tex/generic/oberdiek/infwarerr.sty
Package: infwarerr 2010/04/08 v1.3 Providing info/warning/error messages (HO)
)
(/usr/share/texlive/texmf-dist/tex/generic/oberdiek/ltxcmds.sty
Package: ltxcmds 2011/11/09 v1.22 LaTeX kernel commands for general use (HO)
)
\Gread@gobject=\count87
))
(/usr/share/texlive/texmf-dist/tex/latex/listings/listings.sty
(/usr/share/texlive/texmf-dist/tex/latex/graphics/keyval.sty
Package: keyval 1999/03/16 v1.13 key=value parser (DPC)
\KV@toks@=\toks14
)
\lst@mode=\count88
\lst@gtempboxa=\box26
\lst@token=\toks15
\lst@length=\count89
\lst@currlwidth=\dimen103
\lst@column=\count90
\lst@pos=\count91
\lst@lostspace=\dimen104
\lst@width=\dimen105
\lst@newlines=\count92
\lst@lineno=\count93
\lst@maxwidth=\dimen106

(/usr/share/texlive/texmf-dist/tex/latex/listings/lstmisc.sty
File: lstmisc.sty 2013/08/26 1.5b (Carsten Heinz)
\c@lstnumber=\count94
\lst@skipnumbers=\count95
\lst@framebox=\box27
)
(/usr/share/texlive/texmf-dist/tex/latex/listings/listings.cfg
File: listings.cfg 2013/08/26 1.5b listings configuration
))
Package: listings 2013/08/26 1.5b (Carsten Heinz)

(/usr/share/texlive/texmf-dist/tex/latex/graphics/graphicx.sty
Package: graphicx 1999/02/16 v1.0f Enhanced LaTeX Graphics (DPC,SPQR)

(/usr/share/texlive/texmf-dist/tex/latex/graphics/graphics.sty
Package: graphics 2009/02/05 v1.0o Standard LaTeX Graphics (DPC,SPQR)

(/usr/share/texlive/texmf-dist/tex/latex/graphics/trig.sty
Package: trig 1999/03/16 v1.09 sin cos tan (DPC)
)
(/usr/share/texlive/texmf-dist/tex/latex/latexconfig/graphics.cfg
File: graphics.cfg 2010/04/23 v1.9 graphics configuration of TeX Live
)
Package graphics Info: Driver file: pdftex.def on input line 91.
)
\Gin@req@height=\dimen107
\Gin@req@width=\dimen108
)
(/usr/share/texlive/texmf-dist/tex/latex/url/url.sty
\Urlmuskip=\muskip10
Package: url 2013/09/16  ver 3.4  Verb mode for urls, etc.
)
(/usr/share/texlive/texmf-dist/tex/latex/datetime/datetime.sty
Package: datetime 2013/09/10 v2.59 Date Time Package

(/usr/share/texlive/texmf-dist/tex/latex/etoolbox/etoolbox.sty
Package: etoolbox 2011/01/03 v2.1 e-TeX tools for LaTeX

(/usr/share/texlive/texmf-dist/tex/latex/etex-pkg/etex.sty
Package: etex 1998/03/26 v2.0 eTeX basic definition package (PEB)
\et@xins=\count96
)
\etb@tempcnta=\count97
)
(/usr/share/texlive/texmf-dist/tex/latex/fmtcount/fmtcount.sty
Package: fmtcount 2013/08/17 v2.03

(/usr/share/texlive/texmf-dist/tex/latex/base/ifthen.sty
Package: ifthen 2001/05/26 v1.1c Standard LaTeX ifthen package (DPC)
)
(/usr/share/texlive/texmf-dist/tex/latex/fmtcount/fcprefix.sty
Package: fcprefix 2012/09/28

(/usr/share/texlive/texmf-dist/tex/latex/fmtcount/fcnumparser.sty
Package: fcnumparser 2012/09/28
\fc@digit@counter=\count98
))
(/usr/share/texlive/texmf-dist/tex/latex/amsmath/amsgen.sty
File: amsgen.sty 1999/11/30 v2.0
\@emptytoks=\toks16
\ex@=\dimen109
)
\c@padzeroesN=\count99
\fc@tmpcatcode=\count100
\@DT@modctr=\count101
\@ordinalctr=\count102
\@orgargctr=\count103
\@strctr=\count104
\@tmpstrctr=\count105
\@DT@loopN=\count106
\@DT@X=\count107

(/usr/share/texlive/texmf-dist/tex/latex/fmtcount/fc-english.def
File: fc-english.def 2013/08/17
))
(/usr/share/texlive/texmf-dist/tex/latex/datetime/datetime-defaults.sty
Package: datetime-defaults 2013/09/10
)
\@day=\count108
\@month=\count109
\@year=\count110
\c@HOUR=\count111
\c@HOURXII=\count112
\c@MINUTE=\count113
\c@TOHOUR=\count114
\c@TOMINUTE=\count115
\c@SECOND=\count116
\currenthour=\count117
\currentminute=\count118
\currentsecond=\count119
Package datetime Info: No datetime.cfg file found, using default settings on in
put line 308.
\@dtctr=\count120
\dayofyear=\count121
\dayofweek=\count122
LaTeX Info: Redefining \today on input line 736.
\dt@a=\toks17
\dt@b=\toks18
)
(/usr/share/texlive/texmf-dist/tex/latex/listings/lstlang1.sty
File: lstlang1.sty 2013/08/26 1.5b listings language file
)
(/usr/share/texlive/texmf-dist/tex/latex/hyperref/hyperref.sty
Package: hyperref 2012/11/06 v6.83m Hypertext links for LaTeX

(/usr/share/texlive/texmf-dist/tex/generic/oberdiek/hobsub-hyperref.sty
Package: hobsub-hyperref 2012/05/28 v1.13 Bundle oberdiek, subset hyperref (HO)


(/usr/share/texlive/texmf-dist/tex/generic/oberdiek/hobsub-generic.sty
Package: hobsub-generic 2012/05/28 v1.13 Bundle oberdiek, subset generic (HO)
Package: hobsub 2012/05/28 v1.13 Construct package bundles (HO)
Package hobsub Info: Skipping package `infwarerr' (already loaded).
Package hobsub Info: Skipping package `ltxcmds' (already loaded).
Package: ifluatex 2010/03/01 v1.3 Provides the ifluatex switch (HO)
Package ifluatex Info: LuaTeX not detected.
Package: ifvtex 2010/03/01 v1.5 Detect VTeX and its facilities (HO)
Package ifvtex Info: VTeX not detected.
Package: intcalc 2007/09/27 v1.1 Expandable calculations with integers (HO)
Package: ifpdf 2011/01/30 v2.3 Provides the ifpdf switch (HO)
Package ifpdf Info: pdfTeX in PDF mode is detected.
Package: etexcmds 2011/02/16 v1.5 Avoid name clashes with e-TeX commands (HO)
Package etexcmds Info: Could not find \expanded.
(etexcmds)             That can mean that you are not using pdfTeX 1.50 or
(etexcmds)             that some package has redefined \expanded.
(etexcmds)             In the latter case, load this package earlier.
Package: kvsetkeys 2012/04/25 v1.16 Key value parser (HO)
Package: kvdefinekeys 2011/04/07 v1.3 Define keys (HO)
Package: pdftexcmds 2011/11/29 v0.20 Utility functions of pdfTeX for LuaTeX (HO
)
Package pdftexcmds Info: LuaTeX not detected.
Package pdftexcmds Info: \pdf@primitive is available.
Package pdftexcmds Info: \pdf@ifprimitive is available.
Package pdftexcmds Info: \pdfdraftmode found.
Package: pdfescape 2011/11/25 v1.13 Implements pdfTeX's escape features (HO)
Package: bigintcalc 2012/04/08 v1.3 Expandable calculations on big integers (HO
)
Package: bitset 2011/01/30 v1.1 Handle bit-vector datatype (HO)
Package: uniquecounter 2011/01/30 v1.2 Provide unlimited unique counter (HO)
)
Package hobsub Info: Skipping package `hobsub' (already loaded).
Package: letltxmacro 2010/09/02 v1.4 Let assignment for LaTeX macros (HO)
Package: hopatch 2012/05/28 v1.2 Wrapper for package hooks (HO)
Package: xcolor-patch 2011/01/30 xcolor patch
Package: atveryend 2011/06/30 v1.8 Hooks at the very end of document (HO)
Package: atbegshi 2011/10/05 v1.16 At begin shipout hook (HO)
Package: refcount 2011/10/16 v3.4 Data extraction from label references (HO)
Package: hycolor 2011/01/30 v1.7 Color options for hyperref/bookmark (HO)
)
(/usr/share/texlive/texmf-dist/tex/generic/ifxetex/ifxetex.sty
Package: ifxetex 2010/09/12 v0.6 Provides ifxetex conditional
)
(/usr/share/texlive/texmf-dist/tex/latex/oberdiek/auxhook.sty
Package: auxhook 2011/03/04 v1.3 Hooks for auxiliary files (HO)
)
(/usr/share/texlive/texmf-dist/tex/latex/oberdiek/kvoptions.sty
Package: kvoptions 2011/06/30 v3.11 Key value format for package options (HO)
)
\@linkdim=\dimen110
\Hy@linkcounter=\count123
\Hy@pagecounter=\count124

(/usr/share/texlive/texmf-dist/tex/latex/hyperref/pd1enc.def
File: pd1enc.def 2012/11/06 v6.83m Hyperref: PDFDocEncoding definition (HO)
)
\Hy@SavedSpaceFactor=\count125

(/usr/share/texlive/texmf-dist/tex/latex/latexconfig/hyperref.cfg
File: hyperref.cfg 2002/06/06 v1.2 hyperref configuration of TeXLive
)
Package hyperref Info: Option `colorlinks' set `true' on input line 4319.
Package hyperref Info: Hyper figures OFF on input line 4443.
Package hyperref Info: Link nesting OFF on input line 4448.
Package hyperref Info: Hyper index ON on input line 4451.
Package hyperref Info: Plain pages OFF on input line 4458.
Package hyperref Info: Backreferencing OFF on input line 4463.
Package hyperref Info: Implicit mode ON; LaTeX internals redefined.
Package hyperref Info: Bookmarks ON on input line 4688.
\c@Hy@tempcnt=\count126
LaTeX Info: Redefining \url on input line 5041.
\XeTeXLinkMargin=\dimen111
\Fld@menulength=\count127
\Field@Width=\dimen112
\Fld@charsize=\dimen113
Package hyperref Info: Hyper figures OFF on input line 6295.
Package hyperref Info: Link nesting OFF on input line 6300.
Package hyperref Info: Hyper index ON on input line 6303.
Package hyperref Info: backreferencing OFF on input line 6310.
Package hyperref Info: Link coloring ON on input line 6313.
Package hyperref Info: Link coloring with OCG OFF on input line 6320.
Package hyperref Info: PDF/A mode OFF on input line 6325.
LaTeX Info: Redefining \ref on input line 6365.
LaTeX Info: Redefining \pageref on input line 6369.
\Hy@abspage=\count128
\c@Item=\count129
\c@Hfootnote=\count130
)

Package hyperref Message: Driver (autodetected): hpdftex.

(/usr/share/texlive/texmf-dist/tex/latex/hyperref/hpdftex.def
File: hpdftex.def 2012/11/06 v6.83m Hyperref driver for pdfTeX
\Fld@listcount=\count131
\c@bookmark@seq@number=\count132

(/usr/share/texlive/texmf-dist/tex/latex/oberdiek/rerunfilecheck.sty
Package: rerunfilecheck 2011/04/15 v1.7 Rerun checks for auxiliary files (HO)
Package uniquecounter Info: New unique counter `rerunfilecheck' on input line 2
82.
)
\Hy@SectionHShift=\skip43
)
(/usr/share/texlive/texmf-dist/tex/latex/sectsty/sectsty.sty
Package: sectsty 2002/02/25 v2.0.2 Commands to change all sectional heading sty
les
)
(/usr/share/texlive/texmf-dist/tex/latex/caption/caption.sty
Package: caption 2013/05/02 v3.3-89 Customizing captions (AR)

(/usr/share/texlive/texmf-dist/tex/latex/caption/caption3.sty
Package: caption3 2013/05/02 v1.6-88 caption3 kernel (AR)
Package caption3 Info: TeX engine: e-TeX on input line 57.
\captionmargin=\dimen114
\captionmargin@=\dimen115
\captionwidth=\dimen116
\caption@tempdima=\dimen117
\caption@indent=\dimen118
\caption@parindent=\dimen119
\caption@hangindent=\dimen120
)
\c@ContinuedFloat=\count133
Package caption Info: hyperref package is loaded.
Package caption Info: listings package is loaded.
)
(./SalsaSpectrum_documentation.aux)
\openout1 = `SalsaSpectrum_documentation.aux'.

LaTeX Font Info:    Checking defaults for OML/cmm/m/it on input line 52.
LaTeX Font Info:    ... okay on input line 52.
LaTeX Font Info:    Checking defaults for T1/cmr/m/n on input line 52.
LaTeX Font Info:    ... okay on input line 52.
LaTeX Font Info:    Checking defaults for OT1/cmr/m/n on input line 52.
LaTeX Font Info:    ... okay on input line 52.
LaTeX Font Info:    Checking defaults for OMS/cmsy/m/n on input line 52.
LaTeX Font Info:    ... okay on input line 52.
LaTeX Font Info:    Checking defaults for OMX/cmex/m/n on input line 52.
LaTeX Font Info:    ... okay on input line 52.
LaTeX Font Info:    Checking defaults for U/cmr/m/n on input line 52.
LaTeX Font Info:    ... okay on input line 52.
LaTeX Font Info:    Checking defaults for PD1/pdf/m/n on input line 52.
LaTeX Font Info:    ... okay on input line 52.

(/usr/share/texlive/texmf-dist/tex/context/base/supp-pdf.mkii
[Loading MPS to PDF converter (version 2006.09.02).]
\scratchcounter=\count134
\scratchdimen=\dimen121
\scratchbox=\box28
\nofMPsegments=\count135
\nofMParguments=\count136
\everyMPshowfont=\toks19
\MPscratchCnt=\count137
\MPscratchDim=\dimen122
\MPnumerator=\count138
\makeMPintoPDFobject=\count139
\everyMPtoPDFconversion=\toks20
)
\c@lstlisting=\count140
 (/usr/share/texlive/texmf-dist/tex/latex/oberdiek/epstopdf-base.sty
Package: epstopdf-base 2010/02/09 v2.5 Base part for package epstopdf

(/usr/share/texlive/texmf-dist/tex/latex/oberdiek/grfext.sty
Package: grfext 2010/08/19 v1.1 Manage graphics extensions (HO)
)
Package grfext Info: Graphics extension search list:
(grfext)             [.png,.pdf,.jpg,.mps,.jpeg,.jbig2,.jb2,.PNG,.PDF,.JPG,.JPE
G,.JBIG2,.JB2,.eps]
(grfext)             \AppendGraphicsExtensions on input line 452.

(/usr/share/texlive/texmf-dist/tex/latex/latexconfig/epstopdf-sys.cfg
File: epstopdf-sys.cfg 2010/07/13 v1.3 Configuration of (r)epstopdf for TeX Liv
e
))
\AtBeginShipoutBox=\box29
Package hyperref Info: Link coloring ON on input line 52.

(/usr/share/texlive/texmf-dist/tex/latex/hyperref/nameref.sty
Package: nameref 2012/10/27 v2.43 Cross-referencing by name of section

(/usr/share/texlive/texmf-dist/tex/generic/oberdiek/gettitlestring.sty
Package: gettitlestring 2010/12/03 v1.4 Cleanup title references (HO)
)
\c@section@level=\count141
)
LaTeX Info: Redefining \ref on input line 52.
LaTeX Info: Redefining \pageref on input line 52.
LaTeX Info: Redefining \nameref on input line 52.

(./SalsaSpectrum_documentation.out) (./SalsaSpectrum_documentation.out)
\@outlinefile=\write3
\openout3 = `SalsaSpectrum_documentation.out'.

Package caption Info: Begin \AtBeginDocument code.
Package caption Info: End \AtBeginDocument code.


LaTeX Font Warning: Font shape `OT1/cmss/m/sc' in size <17.28> not available
(Font)              Font shape `OT1/cmr/m/sc' tried instead on input line 62.

LaTeX Font Info:    External font `cmex10' loaded for size
(Font)              <12> on input line 62.
LaTeX Font Info:    External font `cmex10' loaded for size
(Font)              <8> on input line 62.
LaTeX Font Info:    External font `cmex10' loaded for size
(Font)              <6> on input line 62.
(./SalsaSpectrum_documentation.toc
LaTeX Font Info:    External font `cmex10' loaded for size
(Font)              <10.95> on input line 3.
)
\tf@toc=\write4
\openout4 = `SalsaSpectrum_documentation.toc'.

 [1

{/var/lib/texmf/fonts/map/pdftex/updmap/pdftex.map}]
LaTeX Font Info:    Try loading font information for OMS+cmr on input line 93.
 (/usr/share/texlive/texmf-dist/tex/latex/base/omscmr.fd
File: omscmr.fd 1999/05/25 v2.5h Standard LaTeX font definitions
)
LaTeX Font Info:    Font shape `OMS/cmr/m/n' in size <10.95> not available
(Font)              Font shape `OMS/cmsy/m/n' tried instead on input line 93.
 [2]
LaTeX Font Info:    Font shape `OT1/cmtt/bx/n' in size <10> not available
(Font)              Font shape `OT1/cmtt/m/n' tried instead on input line 158.

[3] <figures/spec_vel.pdf, id=190, 382.42876pt x 311.1625pt>
File: figures/spec_vel.pdf Graphic file (type pdf)

<use figures/spec_vel.pdf>
Package pdftex.def Info: figures/spec_vel.pdf used on input line 228.
(pdftex.def)             Requested size: 382.42781pt x 311.16174pt.

<figures/spec_pix.pdf, id=191, 382.42876pt x 311.1625pt>
File: figures/spec_pix.pdf Graphic file (type pdf)

<use figures/spec_pix.pdf>
Package pdftex.def Info: figures/spec_pix.pdf used on input line 229.
(pdftex.def)             Requested size: 382.42781pt x 311.16174pt.
 [4 <./figures/spec_vel.pdf> <./figures/spec_pix.pdf>] [5] <figures/baseline_fi
tted.pdf, id=261, 386.44376pt x 311.1625pt>
File: figures/baseline_fitted.pdf Graphic file (type pdf)

<use figures/baseline_fitted.pdf>
Package pdftex.def Info: figures/baseline_fitted.pdf used on input line 340.
(pdftex.def)             Requested size: 386.44281pt x 311.16174pt.

<figures/baseline_subtracted.pdf, id=263, 386.44376pt x 311.1625pt>
File: figures/baseline_subtracted.pdf Graphic file (type pdf)

<use figures/baseline_subtracted.pdf>
Package pdftex.def Info: figures/baseline_subtracted.pdf used on input line 363
.
(pdftex.def)             Requested size: 386.44281pt x 311.16174pt.


LaTeX Warning: `!h' float specifier changed to `!ht'.

[6 <./figures/baseline_fitted.pdf>]
Overfull \hbox (8.71909pt too wide) in paragraph at lines 385--386
[][][][][][][][][][][][][][][][][][][][][][][][][][][][][][][] 
 []

<figures/baseline_interactive.png, id=283, 505.89pt x 404.51125pt>
File: figures/baseline_interactive.png Graphic file (type png)

<use figures/baseline_interactive.png>
Package pdftex.def Info: figures/baseline_interactive.png used on input line 40
7.
(pdftex.def)             Requested size: 505.88875pt x 404.51025pt.


LaTeX Warning: `!h' float specifier changed to `!ht'.

[7 <./figures/baseline_subtracted.pdf>] [8 <./figures/baseline_interactive.png>
]
Overfull \hbox (15.90839pt too wide) in paragraph at lines 479--484
\OT1/cmr/m/n/10.95 The pa-ram-e-ters \OT1/cmtt/m/n/10.95 gaussFit\OT1/cmr/m/n/1
0.95 , \OT1/cmtt/m/n/10.95 gaussPar\OT1/cmr/m/n/10.95 , \OT1/cmtt/m/n/10.95 gau
ssParVel \OT1/cmr/m/n/10.95 and \OT1/cmtt/m/n/10.95 gaussParFreq \OT1/cmr/m/n/1
0.95 are now non-empty. \OT1/cmtt/m/n/10.95 gaussFit
 []

<figures/three_gauss_fitted.pdf, id=322, 386.44376pt x 311.1625pt>
File: figures/three_gauss_fitted.pdf Graphic file (type pdf)

<use figures/three_gauss_fitted.pdf>
Package pdftex.def Info: figures/three_gauss_fitted.pdf used on input line 491.

(pdftex.def)             Requested size: 386.44281pt x 311.16174pt.
 [9 <./figures/three_gauss_fitted.pdf>]
<figures/autogauss_step1.pdf, id=361, 258.9675pt x 212.795pt>
File: figures/autogauss_step1.pdf Graphic file (type pdf)

<use figures/autogauss_step1.pdf>
Package pdftex.def Info: figures/autogauss_step1.pdf used on input line 532.
(pdftex.def)             Requested size: 258.96684pt x 212.79446pt.

<figures/autogauss_step2.pdf, id=362, 258.9675pt x 212.795pt>
File: figures/autogauss_step2.pdf Graphic file (type pdf)

<use figures/autogauss_step2.pdf>
Package pdftex.def Info: figures/autogauss_step2.pdf used on input line 533.
(pdftex.def)             Requested size: 258.96684pt x 212.79446pt.

<figures/autogauss_step3.pdf, id=363, 258.9675pt x 212.795pt>
File: figures/autogauss_step3.pdf Graphic file (type pdf)

<use figures/autogauss_step3.pdf>
Package pdftex.def Info: figures/autogauss_step3.pdf used on input line 534.
(pdftex.def)             Requested size: 258.96684pt x 212.79446pt.

<figures/autogauss_step4.pdf, id=364, 262.9825pt x 202.7575pt>
File: figures/autogauss_step4.pdf Graphic file (type pdf)

<use figures/autogauss_step4.pdf>
Package pdftex.def Info: figures/autogauss_step4.pdf used on input line 535.
(pdftex.def)             Requested size: 262.98184pt x 202.757pt.
LaTeX Font Info:    External font `cmex10' loaded for size
(Font)              <7> on input line 543.
LaTeX Font Info:    External font `cmex10' loaded for size
(Font)              <5> on input line 543.


LaTeX Warning: `!h' float specifier changed to `!ht'.

<figures/interactive_gaussian.png, id=366, 514.92375pt x 411.5375pt>
File: figures/interactive_gaussian.png Graphic file (type png)

<use figures/interactive_gaussian.png>
Package pdftex.def Info: figures/interactive_gaussian.png used on input line 56
4.
(pdftex.def)             Requested size: 514.92249pt x 411.5365pt.


LaTeX Warning: `!h' float specifier changed to `!ht'.

[10] <figures/confint.pdf, id=395, 258.9675pt x 212.795pt>
File: figures/confint.pdf Graphic file (type pdf)

<use figures/confint.pdf>
Package pdftex.def Info: figures/confint.pdf used on input line 610.
(pdftex.def)             Requested size: 258.96684pt x 212.79446pt.


LaTeX Warning: `!h' float specifier changed to `!ht'.

[11 <./figures/autogauss_step1.pdf> <./figures/autogauss_step2.pdf> <./figures/
autogauss_step3.pdf> <./figures/autogauss_step4.pdf>] [12 <./figures/interactiv
e_gaussian.png> <./figures/confint.pdf>] [13] [14]
<figures/SALSA_vs_LAB.pdf, id=502, 260.975pt x 212.795pt>
File: figures/SALSA_vs_LAB.pdf Graphic file (type pdf)

<use figures/SALSA_vs_LAB.pdf>
Package pdftex.def Info: figures/SALSA_vs_LAB.pdf used on input line 743.
(pdftex.def)             Requested size: 260.97437pt x 212.79446pt.
 [15 <./figures/SALSA_vs_LAB.pdf>] [16]
Overfull \hbox (8.71909pt too wide) in paragraph at lines 836--837
[][][][][][][][][][][][][][][][][][][][][][][] 
 []


Overfull \hbox (8.71909pt too wide) in paragraph at lines 839--840
[][][][][][][][][][][][][][][][][][][][][][][] 
 []


Overfull \hbox (2.4191pt too wide) in paragraph at lines 841--842
[][][][][][][][][][][][][][][][][][][][][][][] 
 []

[17] [18] [19] [20]
Missing character: There is no Ã in font cmtt10!
Missing character: There is no © in font cmtt10!
 [21]
Overfull \hbox (0.83398pt too wide) in paragraph at lines 1156--1159
[]\OT1/cmr/m/n/10.95 2014-12-27: Up-loaded this doc-u-ment to the SALSA github 
repos-i-tory to track fu-ture changes.
 []

[22]
Underfull \hbox (badness 10000) in paragraph at lines 1207--1213

 []


Underfull \hbox (badness 10000) in paragraph at lines 1214--1215

 []

Package atveryend Info: Empty hook `BeforeClearDocument' on input line 1218.
[23]
Package atveryend Info: Empty hook `AfterLastShipout' on input line 1218.
 (./SalsaSpectrum_documentation.aux)
Package atveryend Info: Executing hook `AtVeryEndDocument' on input line 1218.
Package atveryend Info: Executing hook `AtEndAfterFileList' on input line 1218.

Package rerunfilecheck Info: File `SalsaSpectrum_documentation.out' has not cha
nged.
(rerunfilecheck)             Checksum: D23609ECFA7C17CA1978ABF835D3470A;1596.
 ) 
Here is how much of TeX's memory you used:
 10104 strings out of 493304
 149670 string characters out of 6139871
 278783 words of memory out of 5000000
 12907 multiletter control sequences out of 15000+600000
 13084 words of font info for 48 fonts, out of 8000000 for 9000
 957 hyphenation exceptions out of 8191
 36i,8n,40p,1041b,1675s stack positions out of 5000i,500n,10000p,200000b,80000s
</usr/share/texlive/texmf-dist/fonts/type1/public/amsfonts/cm/cmbx10.pfb></us
r/share/texlive/texmf-dist/fonts/type1/public/amsfonts/cm/cmcsc10.pfb></usr/sha
re/texlive/texmf-dist/fonts/type1/public/amsfonts/cm/cmex10.pfb></usr/share/tex
live/texmf-dist/fonts/type1/public/amsfonts/cm/cmitt10.pfb></usr/share/texlive/
texmf-dist/fonts/type1/public/amsfonts/cm/cmmi10.pfb></usr/share/texlive/texmf-
dist/fonts/type1/public/amsfonts/cm/cmr10.pfb></usr/share/texlive/texmf-dist/fo
nts/type1/public/amsfonts/cm/cmr7.pfb></usr/share/texlive/texmf-dist/fonts/type
1/public/amsfonts/cm/cmr8.pfb></usr/share/texlive/texmf-dist/fonts/type1/public
/amsfonts/cm/cmss12.pfb></usr/share/texlive/texmf-dist/fonts/type1/public/amsfo
nts/cm/cmss17.pfb></usr/share/texlive/texmf-dist/fonts/type1/public/amsfonts/cm
/cmssbx10.pfb></usr/share/texlive/texmf-dist/fonts/type1/public/amsfonts/cm/cms
y10.pfb></usr/share/texlive/texmf-dist/fonts/type1/public/amsfonts/cm/cmsy7.pfb
></usr/share/texlive/texmf-dist/fonts/type1/public/amsfonts/cm/cmsy8.pfb></usr/
share/texlive/texmf-dist/fonts/type1/public/amsfonts/cm/cmti10.pfb></usr/share/
texlive/texmf-dist/fonts/type1/public/amsfonts/cm/cmtt10.pfb>
Output written on SalsaSpectrum_documentation.pdf (23 pages, 302466 bytes).
PDF statistics:
 987 PDF objects out of 1000 (max. 8388607)
 912 compressed objects within 10 object streams
 532 named destinations out of 1000 (max. 500000)
 258 words of extra memory for PDF output out of 10000 (max. 10000000)

